* installing *source* package ‘oce’ ...
** package ‘oce’ successfully unpacked and MD5 sums checked
** using staged installation
** libs
clang++ -mmacosx-version-min=10.13 -std=gnu++14 -I"/Library/Frameworks/R.framework/Resources/include" -DNDEBUG  -I'/Users/kelley/git/GSW-R/revdep/library.noindex/oce/Rcpp/include' -I/usr/local/include   -fPIC  -Wall -g -O2  -c RcppExports.cpp -o RcppExports.o
clang++ -mmacosx-version-min=10.13 -std=gnu++14 -I"/Library/Frameworks/R.framework/Resources/include" -DNDEBUG  -I'/Users/kelley/git/GSW-R/revdep/library.noindex/oce/Rcpp/include' -I/usr/local/include   -fPIC  -Wall -g -O2  -c ad2cp_ahrs.cpp -o ad2cp_ahrs.o
clang++ -mmacosx-version-min=10.13 -std=gnu++14 -I"/Library/Frameworks/R.framework/Resources/include" -DNDEBUG  -I'/Users/kelley/git/GSW-R/revdep/library.noindex/oce/Rcpp/include' -I/usr/local/include   -fPIC  -Wall -g -O2  -c adv_vector_time.cpp -o adv_vector_time.o
clang++ -mmacosx-version-min=10.13 -std=gnu++14 -I"/Library/Frameworks/R.framework/Resources/include" -DNDEBUG  -I'/Users/kelley/git/GSW-R/revdep/library.noindex/oce/Rcpp/include' -I/usr/local/include   -fPIC  -Wall -g -O2  -c amsr.cpp -o amsr.o
clang++ -mmacosx-version-min=10.13 -std=gnu++14 -I"/Library/Frameworks/R.framework/Resources/include" -DNDEBUG  -I'/Users/kelley/git/GSW-R/revdep/library.noindex/oce/Rcpp/include' -I/usr/local/include   -fPIC  -Wall -g -O2  -c approx.cpp -o approx.o
clang++ -mmacosx-version-min=10.13 -std=gnu++14 -I"/Library/Frameworks/R.framework/Resources/include" -DNDEBUG  -I'/Users/kelley/git/GSW-R/revdep/library.noindex/oce/Rcpp/include' -I/usr/local/include   -fPIC  -Wall -g -O2  -c bilinear_interp.cpp -o bilinear_interp.o
clang++ -mmacosx-version-min=10.13 -std=gnu++14 -I"/Library/Frameworks/R.framework/Resources/include" -DNDEBUG  -I'/Users/kelley/git/GSW-R/revdep/library.noindex/oce/Rcpp/include' -I/usr/local/include   -fPIC  -Wall -g -O2  -c bin.cpp -o bin.o
clang -mmacosx-version-min=10.13 -I"/Library/Frameworks/R.framework/Resources/include" -DNDEBUG  -I'/Users/kelley/git/GSW-R/revdep/library.noindex/oce/Rcpp/include' -I/usr/local/include   -fPIC  -Wall -g -O2  -c bin_average.c -o bin_average.o
clang -mmacosx-version-min=10.13 -I"/Library/Frameworks/R.framework/Resources/include" -DNDEBUG  -I'/Users/kelley/git/GSW-R/revdep/library.noindex/oce/Rcpp/include' -I/usr/local/include   -fPIC  -Wall -g -O2  -c binmap.c -o binmap.o
clang -mmacosx-version-min=10.13 -I"/Library/Frameworks/R.framework/Resources/include" -DNDEBUG  -I'/Users/kelley/git/GSW-R/revdep/library.noindex/oce/Rcpp/include' -I/usr/local/include   -fPIC  -Wall -g -O2  -c bitwise.c -o bitwise.o
clang -mmacosx-version-min=10.13 -I"/Library/Frameworks/R.framework/Resources/include" -DNDEBUG  -I'/Users/kelley/git/GSW-R/revdep/library.noindex/oce/Rcpp/include' -I/usr/local/include   -fPIC  -Wall -g -O2  -c coastline.c -o coastline.o
clang++ -mmacosx-version-min=10.13 -std=gnu++14 -I"/Library/Frameworks/R.framework/Resources/include" -DNDEBUG  -I'/Users/kelley/git/GSW-R/revdep/library.noindex/oce/Rcpp/include' -I/usr/local/include   -fPIC  -Wall -g -O2  -c curl.cpp -o curl.o
clang++ -mmacosx-version-min=10.13 -std=gnu++14 -I"/Library/Frameworks/R.framework/Resources/include" -DNDEBUG  -I'/Users/kelley/git/GSW-R/revdep/library.noindex/oce/Rcpp/include' -I/usr/local/include   -fPIC  -Wall -g -O2  -c echosounder.cpp -o echosounder.o
clang++ -mmacosx-version-min=10.13 -std=gnu++14 -I"/Library/Frameworks/R.framework/Resources/include" -DNDEBUG  -I'/Users/kelley/git/GSW-R/revdep/library.noindex/oce/Rcpp/include' -I/usr/local/include   -fPIC  -Wall -g -O2  -c fillgap.cpp -o fillgap.o
clang++ -mmacosx-version-min=10.13 -std=gnu++14 -I"/Library/Frameworks/R.framework/Resources/include" -DNDEBUG  -I'/Users/kelley/git/GSW-R/revdep/library.noindex/oce/Rcpp/include' -I/usr/local/include   -fPIC  -Wall -g -O2  -c geod.cpp -o geod.o
clang++ -mmacosx-version-min=10.13 -std=gnu++14 -I"/Library/Frameworks/R.framework/Resources/include" -DNDEBUG  -I'/Users/kelley/git/GSW-R/revdep/library.noindex/oce/Rcpp/include' -I/usr/local/include   -fPIC  -Wall -g -O2  -c get_bit.cpp -o get_bit.o
clang++ -mmacosx-version-min=10.13 -std=gnu++14 -I"/Library/Frameworks/R.framework/Resources/include" -DNDEBUG  -I'/Users/kelley/git/GSW-R/revdep/library.noindex/oce/Rcpp/include' -I/usr/local/include   -fPIC  -Wall -g -O2  -c gradient.cpp -o gradient.o
gfortran -mmacosx-version-min=10.13 -fno-optimize-sibling-calls  -fPIC  -Wall -g -O2  -c igrf12.f -o igrf12.o
gfortran -mmacosx-version-min=10.13 -fno-optimize-sibling-calls  -fPIC  -Wall -g -O2  -c igrf13.f -o igrf13.o
clang++ -mmacosx-version-min=10.13 -std=gnu++14 -I"/Library/Frameworks/R.framework/Resources/include" -DNDEBUG  -I'/Users/kelley/git/GSW-R/revdep/library.noindex/oce/Rcpp/include' -I/usr/local/include   -fPIC  -Wall -g -O2  -c interp_barnes.cpp -o interp_barnes.o
clang++ -mmacosx-version-min=10.13 -std=gnu++14 -I"/Library/Frameworks/R.framework/Resources/include" -DNDEBUG  -I'/Users/kelley/git/GSW-R/revdep/library.noindex/oce/Rcpp/include' -I/usr/local/include   -fPIC  -Wall -g -O2  -c landsat.cpp -o landsat.o
clang++ -mmacosx-version-min=10.13 -std=gnu++14 -I"/Library/Frameworks/R.framework/Resources/include" -DNDEBUG  -I'/Users/kelley/git/GSW-R/revdep/library.noindex/oce/Rcpp/include' -I/usr/local/include   -fPIC  -Wall -g -O2  -c ldc_ad2cp_in_file.cpp -o ldc_ad2cp_in_file.o
clang -mmacosx-version-min=10.13 -I"/Library/Frameworks/R.framework/Resources/include" -DNDEBUG  -I'/Users/kelley/git/GSW-R/revdep/library.noindex/oce/Rcpp/include' -I/usr/local/include   -fPIC  -Wall -g -O2  -c ldc_rdi_in_buffer.c -o ldc_rdi_in_buffer.o
clang++ -mmacosx-version-min=10.13 -std=gnu++14 -I"/Library/Frameworks/R.framework/Resources/include" -DNDEBUG  -I'/Users/kelley/git/GSW-R/revdep/library.noindex/oce/Rcpp/include' -I/usr/local/include   -fPIC  -Wall -g -O2  -c ldc_rdi_in_file.cpp -o ldc_rdi_in_file.o
gfortran -mmacosx-version-min=10.13 -fno-optimize-sibling-calls  -fPIC  -Wall -g -O2  -c magdec.f -o magdec.o
clang -mmacosx-version-min=10.13 -I"/Library/Frameworks/R.framework/Resources/include" -DNDEBUG  -I'/Users/kelley/git/GSW-R/revdep/library.noindex/oce/Rcpp/include' -I/usr/local/include   -fPIC  -Wall -g -O2  -c map.c -o map.o
clang++ -mmacosx-version-min=10.13 -std=gnu++14 -I"/Library/Frameworks/R.framework/Resources/include" -DNDEBUG  -I'/Users/kelley/git/GSW-R/revdep/library.noindex/oce/Rcpp/include' -I/usr/local/include   -fPIC  -Wall -g -O2  -c matrix_smooth.cpp -o matrix_smooth.o
clang++ -mmacosx-version-min=10.13 -std=gnu++14 -I"/Library/Frameworks/R.framework/Resources/include" -DNDEBUG  -I'/Users/kelley/git/GSW-R/revdep/library.noindex/oce/Rcpp/include' -I/usr/local/include   -fPIC  -Wall -g -O2  -c oce_approx.cpp -o oce_approx.o
clang++ -mmacosx-version-min=10.13 -std=gnu++14 -I"/Library/Frameworks/R.framework/Resources/include" -DNDEBUG  -I'/Users/kelley/git/GSW-R/revdep/library.noindex/oce/Rcpp/include' -I/usr/local/include   -fPIC  -Wall -g -O2  -c oce_convolve.cpp -o oce_convolve.o
clang++ -mmacosx-version-min=10.13 -std=gnu++14 -I"/Library/Frameworks/R.framework/Resources/include" -DNDEBUG  -I'/Users/kelley/git/GSW-R/revdep/library.noindex/oce/Rcpp/include' -I/usr/local/include   -fPIC  -Wall -g -O2  -c oce_filter.cpp -o oce_filter.o
gfortran -mmacosx-version-min=10.13 -fno-optimize-sibling-calls  -fPIC  -Wall -g -O2  -c ocecp.f -o ocecp.o
clang -mmacosx-version-min=10.13 -I"/Library/Frameworks/R.framework/Resources/include" -DNDEBUG  -I'/Users/kelley/git/GSW-R/revdep/library.noindex/oce/Rcpp/include' -I/usr/local/include   -fPIC  -Wall -g -O2  -c registerDynamicSymbol.c -o registerDynamicSymbol.o
clang++ -mmacosx-version-min=10.13 -std=gnu++14 -I"/Library/Frameworks/R.framework/Resources/include" -DNDEBUG  -I'/Users/kelley/git/GSW-R/revdep/library.noindex/oce/Rcpp/include' -I/usr/local/include   -fPIC  -Wall -g -O2  -c run.cpp -o run.o
clang++ -mmacosx-version-min=10.13 -std=gnu++14 -I"/Library/Frameworks/R.framework/Resources/include" -DNDEBUG  -I'/Users/kelley/git/GSW-R/revdep/library.noindex/oce/Rcpp/include' -I/usr/local/include   -fPIC  -Wall -g -O2  -c sfm_enu.cpp -o sfm_enu.o
clang++ -mmacosx-version-min=10.13 -std=gnu++14 -I"/Library/Frameworks/R.framework/Resources/include" -DNDEBUG  -I'/Users/kelley/git/GSW-R/revdep/library.noindex/oce/Rcpp/include' -I/usr/local/include   -fPIC  -Wall -g -O2  -c sontek_adp.cpp -o sontek_adp.o
clang -mmacosx-version-min=10.13 -I"/Library/Frameworks/R.framework/Resources/include" -DNDEBUG  -I'/Users/kelley/git/GSW-R/revdep/library.noindex/oce/Rcpp/include' -I/usr/local/include   -fPIC  -Wall -g -O2  -c sw.c -o sw.o
clang++ -mmacosx-version-min=10.13 -std=gnu++14 -I"/Library/Frameworks/R.framework/Resources/include" -DNDEBUG  -I'/Users/kelley/git/GSW-R/revdep/library.noindex/oce/Rcpp/include' -I/usr/local/include   -fPIC  -Wall -g -O2  -c time.cpp -o time.o
clang++ -mmacosx-version-min=10.13 -std=gnu++14 -I"/Library/Frameworks/R.framework/Resources/include" -DNDEBUG  -I'/Users/kelley/git/GSW-R/revdep/library.noindex/oce/Rcpp/include' -I/usr/local/include   -fPIC  -Wall -g -O2  -c trap.cpp -o trap.o
clang++ -mmacosx-version-min=10.13 -std=gnu++14 -I"/Library/Frameworks/R.framework/Resources/include" -DNDEBUG  -I'/Users/kelley/git/GSW-R/revdep/library.noindex/oce/Rcpp/include' -I/usr/local/include   -fPIC  -Wall -g -O2  -c trim.cpp -o trim.o
clang++ -mmacosx-version-min=10.13 -std=gnu++14 -dynamiclib -Wl,-headerpad_max_install_names -undefined dynamic_lookup -single_module -multiply_defined suppress -L/Library/Frameworks/R.framework/Resources/lib -L/usr/local/lib -o oce.so RcppExports.o ad2cp_ahrs.o adv_vector_time.o amsr.o approx.o bilinear_interp.o bin.o bin_average.o binmap.o bitwise.o coastline.o curl.o echosounder.o fillgap.o geod.o get_bit.o gradient.o igrf12.o igrf13.o interp_barnes.o landsat.o ldc_ad2cp_in_file.o ldc_rdi_in_buffer.o ldc_rdi_in_file.o magdec.o map.o matrix_smooth.o oce_approx.o oce_convolve.o oce_filter.o ocecp.o registerDynamicSymbol.o run.o sfm_enu.o sontek_adp.o sw.o time.o trap.o trim.o -L/usr/local/gfortran/lib/gcc/x86_64-apple-darwin18/8.2.0 -L/usr/local/gfortran/lib -lgfortran -lquadmath -lm -F/Library/Frameworks/R.framework/.. -framework R -Wl,-framework -Wl,CoreFoundation
installing to /Users/kelley/git/GSW-R/revdep/checks.noindex/oce/new/oce.Rcheck/00LOCK-oce/00new/oce/libs
** R
** data
** demo
** inst
** byte-compile and prepare package for lazy loading
** help
*** installing help indices
*** copying figures
** building package indices
** installing vignettes
** testing if installed package can be loaded from temporary location
** checking absolute paths in shared objects and dynamic libraries
** testing if installed package can be loaded from final location
** testing if installed package keeps a record of temporary installation path
* DONE (oce)
