* installing *source* package ‘vprr’ ...
** package ‘vprr’ successfully unpacked and MD5 sums checked
** using staged installation
** R
** data
*** moving datasets to lazyload DB
** inst
** byte-compile and prepare package for lazy loading
Warning in ctd_df_cols(ctd_files[i]) :
  CTD data columns named based on 2019 defaults!
Warning in ctd_df_cols(ctd_files[i]) :
  CTD data columns named based on 2019 defaults!
✔ Setting active project to '/Users/kelley/git/GSW-R/revdep/checks.noindex/vprr/new/vprr.Rcheck/00_pkg_src/vprr'
✔ Saving 'ctd_dat_combine' to 'data/ctd_dat_combine.rda'
• Document your data (see 'https://r-pkgs.org/data.html')
✔ Saving 'roi_dat_combine' to 'data/roi_dat_combine.rda'
• Document your data (see 'https://r-pkgs.org/data.html')
✔ Saving 'roimeas_dat_combine' to 'data/roimeas_dat_combine.rda'
• Document your data (see 'https://r-pkgs.org/data.html')
Joining, by = "time_ms"
Joining, by = c("time_ms", "conductivity", "temperature", "pressure", "salinity", "fluor_ref", "fluorescence_mv", "turbidity_ref", "turbidity_mv", "altitude_NA", "day", "hour", "station", "sigmaT", "depth")
✔ Saving 'ctd_roi_merge' to 'data/ctd_roi_merge.rda'
• Document your data (see 'https://r-pkgs.org/data.html')
✔ Saving 'ctd_roi_oce' to 'data/ctd_roi_oce.rda'
• Document your data (see 'https://r-pkgs.org/data.html')
** help
*** installing help indices
** building package indices
** installing vignettes
** testing if installed package can be loaded from temporary location
** testing if installed package can be loaded from final location
** testing if installed package keeps a record of temporary installation path
* DONE (vprr)
